-------------------------------------------------------------------------------
Test set: test.java.com.averagegrade.qubgrademeaveragegrade.IntegrationTests.QubgrademeIndexIntegrationTest
-------------------------------------------------------------------------------
Tests run: 1, Failures: 0, Errors: 1, Skipped: 0, Time elapsed: 0.011 s <<< FAILURE! - in test.java.com.averagegrade.qubgrademeaveragegrade.IntegrationTests.QubgrademeIndexIntegrationTest
test.java.com.averagegrade.qubgrademeaveragegrade.IntegrationTests.QubgrademeIndexIntegrationTest  Time elapsed: 0.011 s  <<< ERROR!
java.lang.IllegalStateException: Unable to find a @SpringBootConfiguration, you need to use @ContextConfiguration or @SpringBootTest(classes=...) with your test

